<?xml version="1.0" encoding="UTF-8"?>
<testsuite xmlns:xsi="http://www.w3.org/2001/XMLSchema-instance" xsi:noNamespaceSchemaLocation="https://maven.apache.org/surefire/maven-surefire-plugin/xsd/surefire-test-report-3.0.xsd" version="3.0" name="TestSuite" time="89.089" tests="1" errors="0" skipped="0" failures="0">
  <properties>
    <property name="java.specification.version" value="22"/>
    <property name="sun.cpu.isalist" value="amd64"/>
    <property name="sun.jnu.encoding" value="Cp1252"/>
    <property name="java.class.path" value="C:\Users\sunilr.LT-LP-153\Desktop\New folder (3)\LT-appium-java-testng\target\test-classes;C:\Users\sunilr.LT-LP-153\Desktop\New folder (3)\LT-appium-java-testng\target\classes;C:\Users\sunilr.LT-LP-153\.m2\repository\org\seleniumhq\selenium\selenium-java\3.141.59\selenium-java-3.141.59.jar;C:\Users\sunilr.LT-LP-153\.m2\repository\org\seleniumhq\selenium\selenium-api\3.141.59\selenium-api-3.141.59.jar;C:\Users\sunilr.LT-LP-153\.m2\repository\org\seleniumhq\selenium\selenium-chrome-driver\3.141.59\selenium-chrome-driver-3.141.59.jar;C:\Users\sunilr.LT-LP-153\.m2\repository\org\seleniumhq\selenium\selenium-edge-driver\3.141.59\selenium-edge-driver-3.141.59.jar;C:\Users\sunilr.LT-LP-153\.m2\repository\org\seleniumhq\selenium\selenium-firefox-driver\3.141.59\selenium-firefox-driver-3.141.59.jar;C:\Users\sunilr.LT-LP-153\.m2\repository\org\seleniumhq\selenium\selenium-ie-driver\3.141.59\selenium-ie-driver-3.141.59.jar;C:\Users\sunilr.LT-LP-153\.m2\repository\org\seleniumhq\selenium\selenium-opera-driver\3.141.59\selenium-opera-driver-3.141.59.jar;C:\Users\sunilr.LT-LP-153\.m2\repository\org\seleniumhq\selenium\selenium-remote-driver\3.141.59\selenium-remote-driver-3.141.59.jar;C:\Users\sunilr.LT-LP-153\.m2\repository\org\seleniumhq\selenium\selenium-safari-driver\3.141.59\selenium-safari-driver-3.141.59.jar;C:\Users\sunilr.LT-LP-153\.m2\repository\org\seleniumhq\selenium\selenium-support\3.141.59\selenium-support-3.141.59.jar;C:\Users\sunilr.LT-LP-153\.m2\repository\net\bytebuddy\byte-buddy\1.8.15\byte-buddy-1.8.15.jar;C:\Users\sunilr.LT-LP-153\.m2\repository\org\apache\commons\commons-exec\1.3\commons-exec-1.3.jar;C:\Users\sunilr.LT-LP-153\.m2\repository\com\google\guava\guava\25.0-jre\guava-25.0-jre.jar;C:\Users\sunilr.LT-LP-153\.m2\repository\com\google\code\findbugs\jsr305\1.3.9\jsr305-1.3.9.jar;C:\Users\sunilr.LT-LP-153\.m2\repository\org\checkerframework\checker-compat-qual\2.0.0\checker-compat-qual-2.0.0.jar;C:\Users\sunilr.LT-LP-153\.m2\repository\com\google\errorprone\error_prone_annotations\2.1.3\error_prone_annotations-2.1.3.jar;C:\Users\sunilr.LT-LP-153\.m2\repository\com\google\j2objc\j2objc-annotations\1.1\j2objc-annotations-1.1.jar;C:\Users\sunilr.LT-LP-153\.m2\repository\org\codehaus\mojo\animal-sniffer-annotations\1.14\animal-sniffer-annotations-1.14.jar;C:\Users\sunilr.LT-LP-153\.m2\repository\com\squareup\okhttp3\okhttp\3.11.0\okhttp-3.11.0.jar;C:\Users\sunilr.LT-LP-153\.m2\repository\com\squareup\okio\okio\1.14.0\okio-1.14.0.jar;C:\Users\sunilr.LT-LP-153\.m2\repository\io\appium\java-client\7.6.0\java-client-7.6.0.jar;C:\Users\sunilr.LT-LP-153\.m2\repository\com\google\code\gson\gson\2.8.8\gson-2.8.8.jar;C:\Users\sunilr.LT-LP-153\.m2\repository\org\apache\httpcomponents\httpclient\4.5.13\httpclient-4.5.13.jar;C:\Users\sunilr.LT-LP-153\.m2\repository\org\apache\httpcomponents\httpcore\4.4.13\httpcore-4.4.13.jar;C:\Users\sunilr.LT-LP-153\.m2\repository\commons-logging\commons-logging\1.2\commons-logging-1.2.jar;C:\Users\sunilr.LT-LP-153\.m2\repository\commons-codec\commons-codec\1.11\commons-codec-1.11.jar;C:\Users\sunilr.LT-LP-153\.m2\repository\cglib\cglib\3.3.0\cglib-3.3.0.jar;C:\Users\sunilr.LT-LP-153\.m2\repository\org\ow2\asm\asm\7.1\asm-7.1.jar;C:\Users\sunilr.LT-LP-153\.m2\repository\commons-validator\commons-validator\1.7\commons-validator-1.7.jar;C:\Users\sunilr.LT-LP-153\.m2\repository\commons-beanutils\commons-beanutils\1.9.4\commons-beanutils-1.9.4.jar;C:\Users\sunilr.LT-LP-153\.m2\repository\commons-digester\commons-digester\2.1\commons-digester-2.1.jar;C:\Users\sunilr.LT-LP-153\.m2\repository\commons-collections\commons-collections\3.2.2\commons-collections-3.2.2.jar;C:\Users\sunilr.LT-LP-153\.m2\repository\org\apache\commons\commons-lang3\3.12.0\commons-lang3-3.12.0.jar;C:\Users\sunilr.LT-LP-153\.m2\repository\commons-io\commons-io\2.11.0\commons-io-2.11.0.jar;C:\Users\sunilr.LT-LP-153\.m2\repository\org\springframework\spring-context\5.3.10\spring-context-5.3.10.jar;C:\Users\sunilr.LT-LP-153\.m2\repository\org\springframework\spring-aop\5.3.10\spring-aop-5.3.10.jar;C:\Users\sunilr.LT-LP-153\.m2\repository\org\springframework\spring-beans\5.3.10\spring-beans-5.3.10.jar;C:\Users\sunilr.LT-LP-153\.m2\repository\org\springframework\spring-core\5.3.10\spring-core-5.3.10.jar;C:\Users\sunilr.LT-LP-153\.m2\repository\org\springframework\spring-jcl\5.3.10\spring-jcl-5.3.10.jar;C:\Users\sunilr.LT-LP-153\.m2\repository\org\springframework\spring-expression\5.3.10\spring-expression-5.3.10.jar;C:\Users\sunilr.LT-LP-153\.m2\repository\org\aspectj\aspectjweaver\1.9.7\aspectjweaver-1.9.7.jar;C:\Users\sunilr.LT-LP-153\.m2\repository\org\slf4j\slf4j-api\1.7.32\slf4j-api-1.7.32.jar;C:\Users\sunilr.LT-LP-153\.m2\repository\org\testng\testng\7.4.0\testng-7.4.0.jar;C:\Users\sunilr.LT-LP-153\.m2\repository\com\beust\jcommander\1.78\jcommander-1.78.jar;C:\Users\sunilr.LT-LP-153\.m2\repository\org\webjars\jquery\3.5.1\jquery-3.5.1.jar;C:\Users\sunilr.LT-LP-153\.m2\repository\com\mashape\unirest\unirest-java\1.4.9\unirest-java-1.4.9.jar;C:\Users\sunilr.LT-LP-153\.m2\repository\org\apache\httpcomponents\httpasyncclient\4.1.1\httpasyncclient-4.1.1.jar;C:\Users\sunilr.LT-LP-153\.m2\repository\org\apache\httpcomponents\httpcore-nio\4.4.4\httpcore-nio-4.4.4.jar;C:\Users\sunilr.LT-LP-153\.m2\repository\org\apache\httpcomponents\httpmime\4.5.2\httpmime-4.5.2.jar;C:\Users\sunilr.LT-LP-153\.m2\repository\org\webjars\npm\xmlhttprequest-ssl\2.0.0\xmlhttprequest-ssl-2.0.0.jar;C:\Users\sunilr.LT-LP-153\.m2\repository\org\json\json\20211205\json-20211205.jar;"/>
    <property name="java.vm.vendor" value="Oracle Corporation"/>
    <property name="sun.arch.data.model" value="64"/>
    <property name="user.variant" value=""/>
    <property name="java.vendor.url" value="https://java.oracle.com/"/>
    <property name="user.timezone" value="Asia/Calcutta"/>
    <property name="os.name" value="Windows 11"/>
    <property name="java.vm.specification.version" value="22"/>
    <property name="sun.java.launcher" value="SUN_STANDARD"/>
    <property name="user.country" value="IN"/>
    <property name="sun.boot.library.path" value="C:\Program Files\Java\jdk-22\bin"/>
    <property name="sun.java.command" value="C:\Users\sunilr.LT-LP-153\AppData\Local\Temp\surefire13532939319837422084\surefirebooter11951733810165768416.jar C:\Users\sunilr.LT-LP-153\AppData\Local\Temp\surefire13532939319837422084 2024-05-17T14-50-38_040-jvmRun1 surefire12265277071414266194tmp surefire_01282252046609704782tmp"/>
    <property name="jdk.debug" value="release"/>
    <property name="surefire.test.class.path" value="C:\Users\sunilr.LT-LP-153\Desktop\New folder (3)\LT-appium-java-testng\target\test-classes;C:\Users\sunilr.LT-LP-153\Desktop\New folder (3)\LT-appium-java-testng\target\classes;C:\Users\sunilr.LT-LP-153\.m2\repository\org\seleniumhq\selenium\selenium-java\3.141.59\selenium-java-3.141.59.jar;C:\Users\sunilr.LT-LP-153\.m2\repository\org\seleniumhq\selenium\selenium-api\3.141.59\selenium-api-3.141.59.jar;C:\Users\sunilr.LT-LP-153\.m2\repository\org\seleniumhq\selenium\selenium-chrome-driver\3.141.59\selenium-chrome-driver-3.141.59.jar;C:\Users\sunilr.LT-LP-153\.m2\repository\org\seleniumhq\selenium\selenium-edge-driver\3.141.59\selenium-edge-driver-3.141.59.jar;C:\Users\sunilr.LT-LP-153\.m2\repository\org\seleniumhq\selenium\selenium-firefox-driver\3.141.59\selenium-firefox-driver-3.141.59.jar;C:\Users\sunilr.LT-LP-153\.m2\repository\org\seleniumhq\selenium\selenium-ie-driver\3.141.59\selenium-ie-driver-3.141.59.jar;C:\Users\sunilr.LT-LP-153\.m2\repository\org\seleniumhq\selenium\selenium-opera-driver\3.141.59\selenium-opera-driver-3.141.59.jar;C:\Users\sunilr.LT-LP-153\.m2\repository\org\seleniumhq\selenium\selenium-remote-driver\3.141.59\selenium-remote-driver-3.141.59.jar;C:\Users\sunilr.LT-LP-153\.m2\repository\org\seleniumhq\selenium\selenium-safari-driver\3.141.59\selenium-safari-driver-3.141.59.jar;C:\Users\sunilr.LT-LP-153\.m2\repository\org\seleniumhq\selenium\selenium-support\3.141.59\selenium-support-3.141.59.jar;C:\Users\sunilr.LT-LP-153\.m2\repository\net\bytebuddy\byte-buddy\1.8.15\byte-buddy-1.8.15.jar;C:\Users\sunilr.LT-LP-153\.m2\repository\org\apache\commons\commons-exec\1.3\commons-exec-1.3.jar;C:\Users\sunilr.LT-LP-153\.m2\repository\com\google\guava\guava\25.0-jre\guava-25.0-jre.jar;C:\Users\sunilr.LT-LP-153\.m2\repository\com\google\code\findbugs\jsr305\1.3.9\jsr305-1.3.9.jar;C:\Users\sunilr.LT-LP-153\.m2\repository\org\checkerframework\checker-compat-qual\2.0.0\checker-compat-qual-2.0.0.jar;C:\Users\sunilr.LT-LP-153\.m2\repository\com\google\errorprone\error_prone_annotations\2.1.3\error_prone_annotations-2.1.3.jar;C:\Users\sunilr.LT-LP-153\.m2\repository\com\google\j2objc\j2objc-annotations\1.1\j2objc-annotations-1.1.jar;C:\Users\sunilr.LT-LP-153\.m2\repository\org\codehaus\mojo\animal-sniffer-annotations\1.14\animal-sniffer-annotations-1.14.jar;C:\Users\sunilr.LT-LP-153\.m2\repository\com\squareup\okhttp3\okhttp\3.11.0\okhttp-3.11.0.jar;C:\Users\sunilr.LT-LP-153\.m2\repository\com\squareup\okio\okio\1.14.0\okio-1.14.0.jar;C:\Users\sunilr.LT-LP-153\.m2\repository\io\appium\java-client\7.6.0\java-client-7.6.0.jar;C:\Users\sunilr.LT-LP-153\.m2\repository\com\google\code\gson\gson\2.8.8\gson-2.8.8.jar;C:\Users\sunilr.LT-LP-153\.m2\repository\org\apache\httpcomponents\httpclient\4.5.13\httpclient-4.5.13.jar;C:\Users\sunilr.LT-LP-153\.m2\repository\org\apache\httpcomponents\httpcore\4.4.13\httpcore-4.4.13.jar;C:\Users\sunilr.LT-LP-153\.m2\repository\commons-logging\commons-logging\1.2\commons-logging-1.2.jar;C:\Users\sunilr.LT-LP-153\.m2\repository\commons-codec\commons-codec\1.11\commons-codec-1.11.jar;C:\Users\sunilr.LT-LP-153\.m2\repository\cglib\cglib\3.3.0\cglib-3.3.0.jar;C:\Users\sunilr.LT-LP-153\.m2\repository\org\ow2\asm\asm\7.1\asm-7.1.jar;C:\Users\sunilr.LT-LP-153\.m2\repository\commons-validator\commons-validator\1.7\commons-validator-1.7.jar;C:\Users\sunilr.LT-LP-153\.m2\repository\commons-beanutils\commons-beanutils\1.9.4\commons-beanutils-1.9.4.jar;C:\Users\sunilr.LT-LP-153\.m2\repository\commons-digester\commons-digester\2.1\commons-digester-2.1.jar;C:\Users\sunilr.LT-LP-153\.m2\repository\commons-collections\commons-collections\3.2.2\commons-collections-3.2.2.jar;C:\Users\sunilr.LT-LP-153\.m2\repository\org\apache\commons\commons-lang3\3.12.0\commons-lang3-3.12.0.jar;C:\Users\sunilr.LT-LP-153\.m2\repository\commons-io\commons-io\2.11.0\commons-io-2.11.0.jar;C:\Users\sunilr.LT-LP-153\.m2\repository\org\springframework\spring-context\5.3.10\spring-context-5.3.10.jar;C:\Users\sunilr.LT-LP-153\.m2\repository\org\springframework\spring-aop\5.3.10\spring-aop-5.3.10.jar;C:\Users\sunilr.LT-LP-153\.m2\repository\org\springframework\spring-beans\5.3.10\spring-beans-5.3.10.jar;C:\Users\sunilr.LT-LP-153\.m2\repository\org\springframework\spring-core\5.3.10\spring-core-5.3.10.jar;C:\Users\sunilr.LT-LP-153\.m2\repository\org\springframework\spring-jcl\5.3.10\spring-jcl-5.3.10.jar;C:\Users\sunilr.LT-LP-153\.m2\repository\org\springframework\spring-expression\5.3.10\spring-expression-5.3.10.jar;C:\Users\sunilr.LT-LP-153\.m2\repository\org\aspectj\aspectjweaver\1.9.7\aspectjweaver-1.9.7.jar;C:\Users\sunilr.LT-LP-153\.m2\repository\org\slf4j\slf4j-api\1.7.32\slf4j-api-1.7.32.jar;C:\Users\sunilr.LT-LP-153\.m2\repository\org\testng\testng\7.4.0\testng-7.4.0.jar;C:\Users\sunilr.LT-LP-153\.m2\repository\com\beust\jcommander\1.78\jcommander-1.78.jar;C:\Users\sunilr.LT-LP-153\.m2\repository\org\webjars\jquery\3.5.1\jquery-3.5.1.jar;C:\Users\sunilr.LT-LP-153\.m2\repository\com\mashape\unirest\unirest-java\1.4.9\unirest-java-1.4.9.jar;C:\Users\sunilr.LT-LP-153\.m2\repository\org\apache\httpcomponents\httpasyncclient\4.1.1\httpasyncclient-4.1.1.jar;C:\Users\sunilr.LT-LP-153\.m2\repository\org\apache\httpcomponents\httpcore-nio\4.4.4\httpcore-nio-4.4.4.jar;C:\Users\sunilr.LT-LP-153\.m2\repository\org\apache\httpcomponents\httpmime\4.5.2\httpmime-4.5.2.jar;C:\Users\sunilr.LT-LP-153\.m2\repository\org\webjars\npm\xmlhttprequest-ssl\2.0.0\xmlhttprequest-ssl-2.0.0.jar;C:\Users\sunilr.LT-LP-153\.m2\repository\org\json\json\20211205\json-20211205.jar;"/>
    <property name="sun.cpu.endian" value="little"/>
    <property name="user.home" value="C:\Users\sunilr.LT-LP-153"/>
    <property name="user.language" value="en"/>
    <property name="java.specification.vendor" value="Oracle Corporation"/>
    <property name="java.version.date" value="2024-03-19"/>
    <property name="java.home" value="C:\Program Files\Java\jdk-22"/>
    <property name="testng.dtd.http" value="true"/>
    <property name="file.separator" value="\"/>
    <property name="basedir" value="C:\Users\sunilr.LT-LP-153\Desktop\New folder (3)\LT-appium-java-testng"/>
    <property name="java.vm.compressedOopsMode" value="Zero based"/>
    <property name="line.separator" value="&#10;"/>
    <property name="java.vm.specification.vendor" value="Oracle Corporation"/>
    <property name="java.specification.name" value="Java Platform API Specification"/>
    <property name="surefire.real.class.path" value="C:\Users\sunilr.LT-LP-153\AppData\Local\Temp\surefire13532939319837422084\surefirebooter11951733810165768416.jar"/>
    <property name="user.script" value=""/>
    <property name="sun.management.compiler" value="HotSpot 64-Bit Tiered Compilers"/>
    <property name="java.runtime.version" value="22+36-2370"/>
    <property name="user.name" value="sunilr"/>
    <property name="stdout.encoding" value="Cp1252"/>
    <property name="path.separator" value=";"/>
    <property name="os.version" value="10.0"/>
    <property name="java.runtime.name" value="Java(TM) SE Runtime Environment"/>
    <property name="file.encoding" value="UTF-8"/>
    <property name="java.vm.name" value="Java HotSpot(TM) 64-Bit Server VM"/>
    <property name="localRepository" value="C:\Users\sunilr.LT-LP-153\.m2\repository"/>
    <property name="java.vendor.url.bug" value="https://bugreport.java.com/bugreport/"/>
    <property name="java.io.tmpdir" value="C:\Users\SUNILR~1.LT-\AppData\Local\Temp\"/>
    <property name="java.version" value="22"/>
    <property name="user.dir" value="C:\Users\sunilr.LT-LP-153\Desktop\New folder (3)\LT-appium-java-testng"/>
    <property name="os.arch" value="amd64"/>
    <property name="java.vm.specification.name" value="Java Virtual Machine Specification"/>
    <property name="sun.os.patch.level" value=""/>
    <property name="native.encoding" value="Cp1252"/>
    <property name="java.library.path" value="C:\Program Files\Java\jdk-22\bin;C:\Windows\Sun\Java\bin;C:\Windows\system32;C:\Windows;C:\Program Files\Common Files\Oracle\Java\javapath;C:\Program Files (x86)\Common Files\Oracle\Java\javapath;C:\Windows\system32;C:\Windows;C:\Windows\System32\Wbem;C:\Windows\System32\WindowsPowerShell\v1.0\;C:\Windows\System32\OpenSSH\;C:\Program Files\Microsoft SQL Server\150\Tools\Binn\;C:\Program Files\Microsoft SQL Server\Client SDK\ODBC\170\Tools\Binn\;C:\Program Files\dotnet\;C:\Program Files\Maven\apache-maven-3.9.6;C:\Program Files\Maven\apache-maven-3.9.6\bin;C:\Program Files\Git\cmd;C:\Program Files\Maven\apache-maven-3.9.6\bin;C:\Program Files (x86)\Windows Kits\10\Windows Performance Toolkit\;C:\Users\sunilr.LT-LP-153\AppData\Roaming\nvm;C:\Program Files\nodejs;C:\Users\sunilr.LT-LP-153\AppData\Local\Android\Sdk\platform-tools;C:\Users\sunilr.LT-LP-153\AppData\Local\Microsoft\WindowsApps;C:\Users\sunilr.LT-LP-153\AppData\Local\Programs\Microsoft VS Code\bin;C:\Users\sunilr.LT-LP-153\AppData\Local\Microsoft\WinGet\Packages\ezwinports.make_Microsoft.Winget.Source_8wekyb3d8bbwe\bin;C:\Users\sunilr.LT-LP-153\.dotnet\tools;C:\Users\sunilr.LT-LP-153\AppData\Roaming\npm;C:\Users\sunilr.LT-LP-153\AppData\Roaming\nvm;C:\Program Files\nodejs;C:\Users\sunilr.LT-LP-153\AppData\Local\Programs\Ollama;."/>
    <property name="java.vm.info" value="mixed mode, sharing"/>
    <property name="stderr.encoding" value="Cp1252"/>
    <property name="java.vendor" value="Oracle Corporation"/>
    <property name="java.vm.version" value="22+36-2370"/>
    <property name="sun.io.unicode.encoding" value="UnicodeLittle"/>
    <property name="java.class.version" value="66.0"/>
  </properties>
  <testcase name="iOSApp1[iPhone.*, 14, iOS](1)" classname="iOSApp" time="87.315">
    <system-err><![CDATA[May 17, 2024 2:51:35 PM io.appium.java_client.remote.AppiumCommandExecutor$1 lambda$0
INFO: Detected dialect: OSS
]]></system-err>
  </testcase>
</testsuite>