<?xml version="1.0" encoding="UTF-8"?>
<!-- Generated by org.testng.reporters.JUnitReportReporter -->
<testsuite hostname="LT-LP-153" failures="0" tests="1" name="iOSApp" time="87.312" errors="0" timestamp="2024-05-17T14:52:10 IST" skipped="0">
  <testcase classname="iOSApp" name="iOSApp1" time="87.312"/>
  <system-out/>
</testsuite> <!-- iOSApp -->
