<?xml version="1.0" encoding="UTF-8"?>
<!-- Generated by org.testng.reporters.JUnitReportReporter -->
<testsuite hostname="LT-LP-153" failures="0" tests="1" name="AndroidApp" time="39.258" errors="0" timestamp="2024-05-17T14:48:26 IST" skipped="0">
  <testcase classname="AndroidApp" name="AndroidApp1" time="39.258"/>
  <system-out/>
</testsuite> <!-- AndroidApp -->
